
Packet number: 1  Packet Len: 60

        Ethernet Header
                Dest MAC: 1:80:c2:0:0:0
                Source MAC: c:11:67:8a:38:5
                Type: Unknown


Packet number: 2  Packet Len: 60

        Ethernet Header
                Dest MAC: 1:80:c2:0:0:0
                Source MAC: c:11:67:8a:38:5
                Type: Unknown


Packet number: 3  Packet Len: 60

        Ethernet Header
                Dest MAC: ff:ff:ff:ff:ff:ff
                Source MAC: 0:26:55:42:af:42
                Type: ARP

        ARP header
                Opcode: Request
                Sender MAC: 0:26:55:42:af:42
                Sender IP: 208.94.60.89
                Target MAC: 0:0:0:0:0:0
                Target IP: 208.94.60.97


Packet number: 4  Packet Len: 60

        Ethernet Header
                Dest MAC: 0:26:55:42:af:42
                Source MAC: 0:e:c:b0:f:57
                Type: ARP

        ARP header
                Opcode: Reply
                Sender MAC: 0:e:c:b0:f:57
                Sender IP: 208.94.60.97
                Target MAC: 0:26:55:42:af:42
                Target IP: 208.94.60.89


Packet number: 5  Packet Len: 98

        Ethernet Header
                Dest MAC: 0:e:c:b0:f:57
                Source MAC: 0:26:55:42:af:42
                Type: IP

        IP Header
                IP Version: 4
                Header Len (bytes): 20
                TOS subfields:
                   Diffserv bits: 0
                   ECN bits: 0
                TTL: 64
                Protocol: ICMP
                Checksum: Correct (0xf4a9)
                Sender IP: 208.94.60.89
                Dest IP: 208.94.60.97

       ICMP Header
             Type: Request

Packet number: 6  Packet Len: 98

        Ethernet Header
                Dest MAC: 0:26:55:42:af:42
                Source MAC: 0:e:c:b0:f:57
                Type: IP

        IP Header
                IP Version: 4
                Header Len (bytes): 20
                TOS subfields:
                   Diffserv bits: 0
                   ECN bits: 0
                TTL: 64
                Protocol: ICMP
                Checksum: Correct (0x9a30)
                Sender IP: 208.94.60.97
                Dest IP: 208.94.60.89

       ICMP Header
             Type: Reply

Packet number: 7  Packet Len: 60

        Ethernet Header
                Dest MAC: 1:80:c2:0:0:0
                Source MAC: c:11:67:8a:38:5
                Type: Unknown


Packet number: 8  Packet Len: 60

        Ethernet Header
                Dest MAC: 1:80:c2:0:0:0
                Source MAC: c:11:67:8a:38:5
                Type: Unknown


Packet number: 9  Packet Len: 479

        Ethernet Header
                Dest MAC: 1:0:c:cc:cc:cc
                Source MAC: c:11:67:8a:38:5
                Type: Unknown


Packet number: 10  Packet Len: 60

        Ethernet Header
                Dest MAC: c:11:67:8a:38:5
                Source MAC: c:11:67:8a:38:5
                Type: Unknown


Packet number: 11  Packet Len: 60

        Ethernet Header
                Dest MAC: 1:80:c2:0:0:0
                Source MAC: c:11:67:8a:38:5
                Type: Unknown


Packet number: 12  Packet Len: 60

        Ethernet Header
                Dest MAC: 1:80:c2:0:0:0
                Source MAC: c:11:67:8a:38:5
                Type: Unknown


Packet number: 13  Packet Len: 60

        Ethernet Header
                Dest MAC: 1:80:c2:0:0:0
                Source MAC: c:11:67:8a:38:5
                Type: Unknown


Packet number: 14  Packet Len: 60

        Ethernet Header
                Dest MAC: 1:80:c2:0:0:0
                Source MAC: c:11:67:8a:38:5
                Type: Unknown


Packet number: 15  Packet Len: 60

        Ethernet Header
                Dest MAC: 1:80:c2:0:0:0
                Source MAC: c:11:67:8a:38:5
                Type: Unknown


Packet number: 16  Packet Len: 60

        Ethernet Header
                Dest MAC: c:11:67:8a:38:5
                Source MAC: c:11:67:8a:38:5
                Type: Unknown


Packet number: 17  Packet Len: 60

        Ethernet Header
                Dest MAC: 1:80:c2:0:0:0
                Source MAC: c:11:67:8a:38:5
                Type: Unknown


Packet number: 18  Packet Len: 60

        Ethernet Header
                Dest MAC: 1:80:c2:0:0:0
                Source MAC: c:11:67:8a:38:5
                Type: Unknown


Packet number: 19  Packet Len: 60

        Ethernet Header
                Dest MAC: 1:80:c2:0:0:0
                Source MAC: c:11:67:8a:38:5
                Type: Unknown


Packet number: 20  Packet Len: 60

        Ethernet Header
                Dest MAC: 1:80:c2:0:0:0
                Source MAC: c:11:67:8a:38:5
                Type: Unknown


Packet number: 21  Packet Len: 60

        Ethernet Header
                Dest MAC: 1:0:c:cc:cc:cc
                Source MAC: c:11:67:8a:38:5
                Type: Unknown


Packet number: 22  Packet Len: 90

        Ethernet Header
                Dest MAC: 1:0:c:0:0:0
                Source MAC: c:11:67:8a:38:5
                Type: Unknown


Packet number: 23  Packet Len: 60

        Ethernet Header
                Dest MAC: 1:80:c2:0:0:0
                Source MAC: c:11:67:8a:38:5
                Type: Unknown


Packet number: 24  Packet Len: 60

        Ethernet Header
                Dest MAC: c:11:67:8a:38:5
                Source MAC: c:11:67:8a:38:5
                Type: Unknown


Packet number: 25  Packet Len: 60

        Ethernet Header
                Dest MAC: ff:ff:ff:ff:ff:ff
                Source MAC: 0:e:c:b0:f:57
                Type: ARP

        ARP header
                Opcode: Request
                Sender MAC: 0:e:c:b0:f:57
                Sender IP: 208.94.60.97
                Target MAC: 0:0:0:0:0:0
                Target IP: 208.94.60.89


Packet number: 26  Packet Len: 60

        Ethernet Header
                Dest MAC: 1:80:c2:0:0:0
                Source MAC: c:11:67:8a:38:5
                Type: Unknown


Packet number: 27  Packet Len: 60

        Ethernet Header
                Dest MAC: 1:80:c2:0:0:0
                Source MAC: c:11:67:8a:38:5
                Type: Unknown


Packet number: 28  Packet Len: 60

        Ethernet Header
                Dest MAC: 1:80:c2:0:0:0
                Source MAC: c:11:67:8a:38:5
                Type: Unknown


Packet number: 29  Packet Len: 60

        Ethernet Header
                Dest MAC: 1:80:c2:0:0:0
                Source MAC: c:11:67:8a:38:5
                Type: Unknown


Packet number: 30  Packet Len: 60

        Ethernet Header
                Dest MAC: 1:80:c2:0:0:0
                Source MAC: c:11:67:8a:38:5
                Type: Unknown


Packet number: 31  Packet Len: 60

        Ethernet Header
                Dest MAC: c:11:67:8a:38:5
                Source MAC: c:11:67:8a:38:5
                Type: Unknown


Packet number: 32  Packet Len: 60

        Ethernet Header
                Dest MAC: 1:80:c2:0:0:0
                Source MAC: c:11:67:8a:38:5
                Type: Unknown


Packet number: 33  Packet Len: 60

        Ethernet Header
                Dest MAC: 1:80:c2:0:0:0
                Source MAC: c:11:67:8a:38:5
                Type: Unknown


Packet number: 34  Packet Len: 60

        Ethernet Header
                Dest MAC: 1:80:c2:0:0:0
                Source MAC: c:11:67:8a:38:5
                Type: Unknown


Packet number: 35  Packet Len: 60

        Ethernet Header
                Dest MAC: 1:80:c2:0:0:0
                Source MAC: c:11:67:8a:38:5
                Type: Unknown


Packet number: 36  Packet Len: 60

        Ethernet Header
                Dest MAC: 1:80:c2:0:0:0
                Source MAC: c:11:67:8a:38:5
                Type: Unknown


Packet number: 37  Packet Len: 60

        Ethernet Header
                Dest MAC: c:11:67:8a:38:5
                Source MAC: c:11:67:8a:38:5
                Type: Unknown


Packet number: 38  Packet Len: 60

        Ethernet Header
                Dest MAC: 1:80:c2:0:0:0
                Source MAC: c:11:67:8a:38:5
                Type: Unknown


Packet number: 39  Packet Len: 60

        Ethernet Header
                Dest MAC: 1:80:c2:0:0:0
                Source MAC: c:11:67:8a:38:5
                Type: Unknown


Packet number: 40  Packet Len: 60

        Ethernet Header
                Dest MAC: 1:80:c2:0:0:0
                Source MAC: c:11:67:8a:38:5
                Type: Unknown


Packet number: 41  Packet Len: 60

        Ethernet Header
                Dest MAC: 1:80:c2:0:0:0
                Source MAC: c:11:67:8a:38:5
                Type: Unknown


Packet number: 42  Packet Len: 60

        Ethernet Header
                Dest MAC: 1:0:c:cc:cc:cc
                Source MAC: c:11:67:8a:38:5
                Type: Unknown


Packet number: 43  Packet Len: 90

        Ethernet Header
                Dest MAC: 1:0:c:0:0:0
                Source MAC: c:11:67:8a:38:5
                Type: Unknown


Packet number: 44  Packet Len: 60

        Ethernet Header
                Dest MAC: 1:80:c2:0:0:0
                Source MAC: c:11:67:8a:38:5
                Type: Unknown


Packet number: 45  Packet Len: 60

        Ethernet Header
                Dest MAC: c:11:67:8a:38:5
                Source MAC: c:11:67:8a:38:5
                Type: Unknown


Packet number: 46  Packet Len: 60

        Ethernet Header
                Dest MAC: 1:80:c2:0:0:0
                Source MAC: c:11:67:8a:38:5
                Type: Unknown


Packet number: 47  Packet Len: 479

        Ethernet Header
                Dest MAC: 1:0:c:cc:cc:cc
                Source MAC: c:11:67:8a:38:5
                Type: Unknown


Packet number: 48  Packet Len: 60

        Ethernet Header
                Dest MAC: 1:80:c2:0:0:0
                Source MAC: c:11:67:8a:38:5
                Type: Unknown


Packet number: 49  Packet Len: 60

        Ethernet Header
                Dest MAC: 1:80:c2:0:0:0
                Source MAC: c:11:67:8a:38:5
                Type: Unknown


Packet number: 50  Packet Len: 60

        Ethernet Header
                Dest MAC: 1:80:c2:0:0:0
                Source MAC: c:11:67:8a:38:5
                Type: Unknown


Packet number: 51  Packet Len: 60

        Ethernet Header
                Dest MAC: 1:80:c2:0:0:0
                Source MAC: c:11:67:8a:38:5
                Type: Unknown


Packet number: 52  Packet Len: 60

        Ethernet Header
                Dest MAC: c:11:67:8a:38:5
                Source MAC: c:11:67:8a:38:5
                Type: Unknown


Packet number: 53  Packet Len: 60

        Ethernet Header
                Dest MAC: 1:80:c2:0:0:0
                Source MAC: c:11:67:8a:38:5
                Type: Unknown


Packet number: 54  Packet Len: 60

        Ethernet Header
                Dest MAC: ff:ff:ff:ff:ff:ff
                Source MAC: 0:e:c:b0:f:57
                Type: ARP

        ARP header
                Opcode: Request
                Sender MAC: 0:e:c:b0:f:57
                Sender IP: 208.94.60.97
                Target MAC: 0:0:0:0:0:0
                Target IP: 208.94.60.89


Packet number: 55  Packet Len: 60

        Ethernet Header
                Dest MAC: 1:80:c2:0:0:0
                Source MAC: c:11:67:8a:38:5
                Type: Unknown


Packet number: 56  Packet Len: 60

        Ethernet Header
                Dest MAC: 1:80:c2:0:0:0
                Source MAC: c:11:67:8a:38:5
                Type: Unknown


Packet number: 57  Packet Len: 60

        Ethernet Header
                Dest MAC: 1:80:c2:0:0:0
                Source MAC: c:11:67:8a:38:5
                Type: Unknown


Packet number: 58  Packet Len: 60

        Ethernet Header
                Dest MAC: 1:80:c2:0:0:0
                Source MAC: c:11:67:8a:38:5
                Type: Unknown


Packet number: 59  Packet Len: 60

        Ethernet Header
                Dest MAC: c:11:67:8a:38:5
                Source MAC: c:11:67:8a:38:5
                Type: Unknown


Packet number: 60  Packet Len: 60

        Ethernet Header
                Dest MAC: 1:80:c2:0:0:0
                Source MAC: c:11:67:8a:38:5
                Type: Unknown


Packet number: 61  Packet Len: 60

        Ethernet Header
                Dest MAC: 1:80:c2:0:0:0
                Source MAC: c:11:67:8a:38:5
                Type: Unknown


Packet number: 62  Packet Len: 60

        Ethernet Header
                Dest MAC: 1:80:c2:0:0:0
                Source MAC: c:11:67:8a:38:5
                Type: Unknown


Packet number: 63  Packet Len: 60

        Ethernet Header
                Dest MAC: 1:80:c2:0:0:0
                Source MAC: c:11:67:8a:38:5
                Type: Unknown


Packet number: 64  Packet Len: 60

        Ethernet Header
                Dest MAC: 1:0:c:cc:cc:cc
                Source MAC: c:11:67:8a:38:5
                Type: Unknown


Packet number: 65  Packet Len: 90

        Ethernet Header
                Dest MAC: 1:0:c:0:0:0
                Source MAC: c:11:67:8a:38:5
                Type: Unknown


Packet number: 66  Packet Len: 60

        Ethernet Header
                Dest MAC: 1:80:c2:0:0:0
                Source MAC: c:11:67:8a:38:5
                Type: Unknown


Packet number: 67  Packet Len: 60

        Ethernet Header
                Dest MAC: c:11:67:8a:38:5
                Source MAC: c:11:67:8a:38:5
                Type: Unknown


Packet number: 68  Packet Len: 60

        Ethernet Header
                Dest MAC: 1:80:c2:0:0:0
                Source MAC: c:11:67:8a:38:5
                Type: Unknown


Packet number: 69  Packet Len: 60

        Ethernet Header
                Dest MAC: 1:80:c2:0:0:0
                Source MAC: c:11:67:8a:38:5
                Type: Unknown


Packet number: 70  Packet Len: 60

        Ethernet Header
                Dest MAC: 1:80:c2:0:0:0
                Source MAC: c:11:67:8a:38:5
                Type: Unknown


Packet number: 71  Packet Len: 60

        Ethernet Header
                Dest MAC: 1:80:c2:0:0:0
                Source MAC: c:11:67:8a:38:5
                Type: Unknown


Packet number: 72  Packet Len: 60

        Ethernet Header
                Dest MAC: 1:80:c2:0:0:0
                Source MAC: c:11:67:8a:38:5
                Type: Unknown


Packet number: 73  Packet Len: 60

        Ethernet Header
                Dest MAC: c:11:67:8a:38:5
                Source MAC: c:11:67:8a:38:5
                Type: Unknown


Packet number: 74  Packet Len: 60

        Ethernet Header
                Dest MAC: 1:80:c2:0:0:0
                Source MAC: c:11:67:8a:38:5
                Type: Unknown


Packet number: 75  Packet Len: 60

        Ethernet Header
                Dest MAC: 1:80:c2:0:0:0
                Source MAC: c:11:67:8a:38:5
                Type: Unknown


Packet number: 76  Packet Len: 60

        Ethernet Header
                Dest MAC: 1:80:c2:0:0:0
                Source MAC: c:11:67:8a:38:5
                Type: Unknown


Packet number: 77  Packet Len: 60

        Ethernet Header
                Dest MAC: 1:80:c2:0:0:0
                Source MAC: c:11:67:8a:38:5
                Type: Unknown


Packet number: 78  Packet Len: 60

        Ethernet Header
                Dest MAC: 1:80:c2:0:0:0
                Source MAC: c:11:67:8a:38:5
                Type: Unknown


Packet number: 79  Packet Len: 60

        Ethernet Header
                Dest MAC: c:11:67:8a:38:5
                Source MAC: c:11:67:8a:38:5
                Type: Unknown


Packet number: 80  Packet Len: 60

        Ethernet Header
                Dest MAC: 1:80:c2:0:0:0
                Source MAC: c:11:67:8a:38:5
                Type: Unknown


Packet number: 81  Packet Len: 60

        Ethernet Header
                Dest MAC: 1:80:c2:0:0:0
                Source MAC: c:11:67:8a:38:5
                Type: Unknown


Packet number: 82  Packet Len: 60

        Ethernet Header
                Dest MAC: 1:80:c2:0:0:0
                Source MAC: c:11:67:8a:38:5
                Type: Unknown


Packet number: 83  Packet Len: 60

        Ethernet Header
                Dest MAC: 1:80:c2:0:0:0
                Source MAC: c:11:67:8a:38:5
                Type: Unknown


Packet number: 84  Packet Len: 60

        Ethernet Header
                Dest MAC: 1:0:c:cc:cc:cc
                Source MAC: c:11:67:8a:38:5
                Type: Unknown


Packet number: 85  Packet Len: 90

        Ethernet Header
                Dest MAC: 1:0:c:0:0:0
                Source MAC: c:11:67:8a:38:5
                Type: Unknown


Packet number: 86  Packet Len: 60

        Ethernet Header
                Dest MAC: 1:80:c2:0:0:0
                Source MAC: c:11:67:8a:38:5
                Type: Unknown


Packet number: 87  Packet Len: 479

        Ethernet Header
                Dest MAC: 1:0:c:cc:cc:cc
                Source MAC: c:11:67:8a:38:5
                Type: Unknown


Packet number: 88  Packet Len: 60

        Ethernet Header
                Dest MAC: c:11:67:8a:38:5
                Source MAC: c:11:67:8a:38:5
                Type: Unknown


Packet number: 89  Packet Len: 60

        Ethernet Header
                Dest MAC: 1:80:c2:0:0:0
                Source MAC: c:11:67:8a:38:5
                Type: Unknown


Packet number: 90  Packet Len: 60

        Ethernet Header
                Dest MAC: 1:80:c2:0:0:0
                Source MAC: c:11:67:8a:38:5
                Type: Unknown


Packet number: 91  Packet Len: 60

        Ethernet Header
                Dest MAC: 1:80:c2:0:0:0
                Source MAC: c:11:67:8a:38:5
                Type: Unknown


Packet number: 92  Packet Len: 60

        Ethernet Header
                Dest MAC: 1:80:c2:0:0:0
                Source MAC: c:11:67:8a:38:5
                Type: Unknown


Packet number: 93  Packet Len: 60

        Ethernet Header
                Dest MAC: 1:80:c2:0:0:0
                Source MAC: c:11:67:8a:38:5
                Type: Unknown


Packet number: 94  Packet Len: 60

        Ethernet Header
                Dest MAC: c:11:67:8a:38:5
                Source MAC: c:11:67:8a:38:5
                Type: Unknown


Packet number: 95  Packet Len: 60

        Ethernet Header
                Dest MAC: 1:80:c2:0:0:0
                Source MAC: c:11:67:8a:38:5
                Type: Unknown


Packet number: 96  Packet Len: 60

        Ethernet Header
                Dest MAC: 1:80:c2:0:0:0
                Source MAC: c:11:67:8a:38:5
                Type: Unknown


Packet number: 97  Packet Len: 60

        Ethernet Header
                Dest MAC: 1:80:c2:0:0:0
                Source MAC: c:11:67:8a:38:5
                Type: Unknown


Packet number: 98  Packet Len: 60

        Ethernet Header
                Dest MAC: 1:80:c2:0:0:0
                Source MAC: c:11:67:8a:38:5
                Type: Unknown


Packet number: 99  Packet Len: 60

        Ethernet Header
                Dest MAC: 1:80:c2:0:0:0
                Source MAC: c:11:67:8a:38:5
                Type: Unknown


Packet number: 100  Packet Len: 60

        Ethernet Header
                Dest MAC: c:11:67:8a:38:5
                Source MAC: c:11:67:8a:38:5
                Type: Unknown


Packet number: 101  Packet Len: 60

        Ethernet Header
                Dest MAC: 1:80:c2:0:0:0
                Source MAC: c:11:67:8a:38:5
                Type: Unknown


Packet number: 102  Packet Len: 60

        Ethernet Header
                Dest MAC: 1:80:c2:0:0:0
                Source MAC: c:11:67:8a:38:5
                Type: Unknown


Packet number: 103  Packet Len: 60

        Ethernet Header
                Dest MAC: 1:80:c2:0:0:0
                Source MAC: c:11:67:8a:38:5
                Type: Unknown


Packet number: 104  Packet Len: 60

        Ethernet Header
                Dest MAC: 1:80:c2:0:0:0
                Source MAC: c:11:67:8a:38:5
                Type: Unknown


Packet number: 105  Packet Len: 60

        Ethernet Header
                Dest MAC: 1:0:c:cc:cc:cc
                Source MAC: c:11:67:8a:38:5
                Type: Unknown


Packet number: 106  Packet Len: 90

        Ethernet Header
                Dest MAC: 1:0:c:0:0:0
                Source MAC: c:11:67:8a:38:5
                Type: Unknown


Packet number: 107  Packet Len: 60

        Ethernet Header
                Dest MAC: 1:80:c2:0:0:0
                Source MAC: c:11:67:8a:38:5
                Type: Unknown


Packet number: 108  Packet Len: 60

        Ethernet Header
                Dest MAC: c:11:67:8a:38:5
                Source MAC: c:11:67:8a:38:5
                Type: Unknown


Packet number: 109  Packet Len: 60

        Ethernet Header
                Dest MAC: 1:80:c2:0:0:0
                Source MAC: c:11:67:8a:38:5
                Type: Unknown


Packet number: 110  Packet Len: 60

        Ethernet Header
                Dest MAC: 1:80:c2:0:0:0
                Source MAC: c:11:67:8a:38:5
                Type: Unknown


Packet number: 111  Packet Len: 60

        Ethernet Header
                Dest MAC: 1:80:c2:0:0:0
                Source MAC: c:11:67:8a:38:5
                Type: Unknown


Packet number: 112  Packet Len: 60

        Ethernet Header
                Dest MAC: 1:80:c2:0:0:0
                Source MAC: c:11:67:8a:38:5
                Type: Unknown


Packet number: 113  Packet Len: 60

        Ethernet Header
                Dest MAC: 1:80:c2:0:0:0
                Source MAC: c:11:67:8a:38:5
                Type: Unknown


Packet number: 114  Packet Len: 60

        Ethernet Header
                Dest MAC: c:11:67:8a:38:5
                Source MAC: c:11:67:8a:38:5
                Type: Unknown


Packet number: 115  Packet Len: 60

        Ethernet Header
                Dest MAC: 1:80:c2:0:0:0
                Source MAC: c:11:67:8a:38:5
                Type: Unknown


Packet number: 116  Packet Len: 60

        Ethernet Header
                Dest MAC: 1:80:c2:0:0:0
                Source MAC: c:11:67:8a:38:5
                Type: Unknown


Packet number: 117  Packet Len: 60

        Ethernet Header
                Dest MAC: 1:80:c2:0:0:0
                Source MAC: c:11:67:8a:38:5
                Type: Unknown


Packet number: 118  Packet Len: 60

        Ethernet Header
                Dest MAC: 1:80:c2:0:0:0
                Source MAC: c:11:67:8a:38:5
                Type: Unknown


Packet number: 119  Packet Len: 60

        Ethernet Header
                Dest MAC: 1:80:c2:0:0:0
                Source MAC: c:11:67:8a:38:5
                Type: Unknown


Packet number: 120  Packet Len: 60

        Ethernet Header
                Dest MAC: c:11:67:8a:38:5
                Source MAC: c:11:67:8a:38:5
                Type: Unknown


Packet number: 121  Packet Len: 60

        Ethernet Header
                Dest MAC: 1:80:c2:0:0:0
                Source MAC: c:11:67:8a:38:5
                Type: Unknown


Packet number: 122  Packet Len: 60

        Ethernet Header
                Dest MAC: 1:80:c2:0:0:0
                Source MAC: c:11:67:8a:38:5
                Type: Unknown


Packet number: 123  Packet Len: 479

        Ethernet Header
                Dest MAC: 1:0:c:cc:cc:cc
                Source MAC: c:11:67:8a:38:5
                Type: Unknown


Packet number: 124  Packet Len: 60

        Ethernet Header
                Dest MAC: 1:80:c2:0:0:0
                Source MAC: c:11:67:8a:38:5
                Type: Unknown


Packet number: 125  Packet Len: 60

        Ethernet Header
                Dest MAC: 1:80:c2:0:0:0
                Source MAC: c:11:67:8a:38:5
                Type: Unknown


Packet number: 126  Packet Len: 60

        Ethernet Header
                Dest MAC: 1:0:c:cc:cc:cc
                Source MAC: c:11:67:8a:38:5
                Type: Unknown


Packet number: 127  Packet Len: 90

        Ethernet Header
                Dest MAC: 1:0:c:0:0:0
                Source MAC: c:11:67:8a:38:5
                Type: Unknown


Packet number: 128  Packet Len: 60

        Ethernet Header
                Dest MAC: 1:80:c2:0:0:0
                Source MAC: c:11:67:8a:38:5
                Type: Unknown


Packet number: 129  Packet Len: 60

        Ethernet Header
                Dest MAC: c:11:67:8a:38:5
                Source MAC: c:11:67:8a:38:5
                Type: Unknown


Packet number: 130  Packet Len: 60

        Ethernet Header
                Dest MAC: 1:80:c2:0:0:0
                Source MAC: c:11:67:8a:38:5
                Type: Unknown


Packet number: 131  Packet Len: 60

        Ethernet Header
                Dest MAC: 1:80:c2:0:0:0
                Source MAC: c:11:67:8a:38:5
                Type: Unknown


Packet number: 132  Packet Len: 60

        Ethernet Header
                Dest MAC: 1:80:c2:0:0:0
                Source MAC: c:11:67:8a:38:5
                Type: Unknown


Packet number: 133  Packet Len: 60

        Ethernet Header
                Dest MAC: 1:80:c2:0:0:0
                Source MAC: c:11:67:8a:38:5
                Type: Unknown


Packet number: 134  Packet Len: 60

        Ethernet Header
                Dest MAC: 1:80:c2:0:0:0
                Source MAC: c:11:67:8a:38:5
                Type: Unknown


Packet number: 135  Packet Len: 60

        Ethernet Header
                Dest MAC: c:11:67:8a:38:5
                Source MAC: c:11:67:8a:38:5
                Type: Unknown


Packet number: 136  Packet Len: 60

        Ethernet Header
                Dest MAC: 1:80:c2:0:0:0
                Source MAC: c:11:67:8a:38:5
                Type: Unknown


Packet number: 137  Packet Len: 60

        Ethernet Header
                Dest MAC: 1:80:c2:0:0:0
                Source MAC: c:11:67:8a:38:5
                Type: Unknown


Packet number: 138  Packet Len: 60

        Ethernet Header
                Dest MAC: 1:80:c2:0:0:0
                Source MAC: c:11:67:8a:38:5
                Type: Unknown


Packet number: 139  Packet Len: 60

        Ethernet Header
                Dest MAC: 1:80:c2:0:0:0
                Source MAC: c:11:67:8a:38:5
                Type: Unknown


Packet number: 140  Packet Len: 60

        Ethernet Header
                Dest MAC: 1:80:c2:0:0:0
                Source MAC: c:11:67:8a:38:5
                Type: Unknown


Packet number: 141  Packet Len: 60

        Ethernet Header
                Dest MAC: c:11:67:8a:38:5
                Source MAC: c:11:67:8a:38:5
                Type: Unknown


Packet number: 142  Packet Len: 60

        Ethernet Header
                Dest MAC: 1:80:c2:0:0:0
                Source MAC: c:11:67:8a:38:5
                Type: Unknown


Packet number: 143  Packet Len: 60

        Ethernet Header
                Dest MAC: 1:80:c2:0:0:0
                Source MAC: c:11:67:8a:38:5
                Type: Unknown


Packet number: 144  Packet Len: 60

        Ethernet Header
                Dest MAC: 1:80:c2:0:0:0
                Source MAC: c:11:67:8a:38:5
                Type: Unknown


Packet number: 145  Packet Len: 60

        Ethernet Header
                Dest MAC: 1:80:c2:0:0:0
                Source MAC: c:11:67:8a:38:5
                Type: Unknown


Packet number: 146  Packet Len: 60

        Ethernet Header
                Dest MAC: 1:0:c:cc:cc:cc
                Source MAC: c:11:67:8a:38:5
                Type: Unknown


Packet number: 147  Packet Len: 90

        Ethernet Header
                Dest MAC: 1:0:c:0:0:0
                Source MAC: c:11:67:8a:38:5
                Type: Unknown


Packet number: 148  Packet Len: 60

        Ethernet Header
                Dest MAC: 1:80:c2:0:0:0
                Source MAC: c:11:67:8a:38:5
                Type: Unknown


Packet number: 149  Packet Len: 60

        Ethernet Header
                Dest MAC: c:11:67:8a:38:5
                Source MAC: c:11:67:8a:38:5
                Type: Unknown


Packet number: 150  Packet Len: 60

        Ethernet Header
                Dest MAC: 1:80:c2:0:0:0
                Source MAC: c:11:67:8a:38:5
                Type: Unknown


Packet number: 151  Packet Len: 60

        Ethernet Header
                Dest MAC: 1:80:c2:0:0:0
                Source MAC: c:11:67:8a:38:5
                Type: Unknown


Packet number: 152  Packet Len: 60

        Ethernet Header
                Dest MAC: 1:80:c2:0:0:0
                Source MAC: c:11:67:8a:38:5
                Type: Unknown


Packet number: 153  Packet Len: 60

        Ethernet Header
                Dest MAC: 1:80:c2:0:0:0
                Source MAC: c:11:67:8a:38:5
                Type: Unknown


Packet number: 154  Packet Len: 60

        Ethernet Header
                Dest MAC: 1:80:c2:0:0:0
                Source MAC: c:11:67:8a:38:5
                Type: Unknown


Packet number: 155  Packet Len: 60

        Ethernet Header
                Dest MAC: c:11:67:8a:38:5
                Source MAC: c:11:67:8a:38:5
                Type: Unknown


Packet number: 156  Packet Len: 60

        Ethernet Header
                Dest MAC: 1:80:c2:0:0:0
                Source MAC: c:11:67:8a:38:5
                Type: Unknown


Packet number: 157  Packet Len: 60

        Ethernet Header
                Dest MAC: 1:80:c2:0:0:0
                Source MAC: c:11:67:8a:38:5
                Type: Unknown


Packet number: 158  Packet Len: 60

        Ethernet Header
                Dest MAC: 1:80:c2:0:0:0
                Source MAC: c:11:67:8a:38:5
                Type: Unknown


Packet number: 159  Packet Len: 479

        Ethernet Header
                Dest MAC: 1:0:c:cc:cc:cc
                Source MAC: c:11:67:8a:38:5
                Type: Unknown


Packet number: 160  Packet Len: 60

        Ethernet Header
                Dest MAC: ff:ff:ff:ff:ff:ff
                Source MAC: 0:e:c:b0:f:57
                Type: ARP

        ARP header
                Opcode: Request
                Sender MAC: 0:e:c:b0:f:57
                Sender IP: 208.94.60.97
                Target MAC: 0:0:0:0:0:0
                Target IP: 208.94.60.211


Packet number: 161  Packet Len: 60

        Ethernet Header
                Dest MAC: 1:80:c2:0:0:0
                Source MAC: c:11:67:8a:38:5
                Type: Unknown


Packet number: 162  Packet Len: 60

        Ethernet Header
                Dest MAC: ff:ff:ff:ff:ff:ff
                Source MAC: 0:e:c:b0:f:57
                Type: ARP

        ARP header
                Opcode: Request
                Sender MAC: 0:e:c:b0:f:57
                Sender IP: 208.94.60.97
                Target MAC: 0:0:0:0:0:0
                Target IP: 208.94.60.211


Packet number: 163  Packet Len: 60

        Ethernet Header
                Dest MAC: ff:ff:ff:ff:ff:ff
                Source MAC: 0:e:c:b0:f:57
                Type: ARP

        ARP header
                Opcode: Request
                Sender MAC: 0:e:c:b0:f:57
                Sender IP: 208.94.60.97
                Target MAC: 0:0:0:0:0:0
                Target IP: 208.94.60.211


Packet number: 164  Packet Len: 60

        Ethernet Header
                Dest MAC: 1:80:c2:0:0:0
                Source MAC: c:11:67:8a:38:5
                Type: Unknown


Packet number: 165  Packet Len: 60

        Ethernet Header
                Dest MAC: ff:ff:ff:ff:ff:ff
                Source MAC: 0:e:c:b0:f:57
                Type: ARP

        ARP header
                Opcode: Request
                Sender MAC: 0:e:c:b0:f:57
                Sender IP: 208.94.60.97
                Target MAC: 0:0:0:0:0:0
                Target IP: 208.94.60.211


Packet number: 166  Packet Len: 60

        Ethernet Header
                Dest MAC: c:11:67:8a:38:5
                Source MAC: c:11:67:8a:38:5
                Type: Unknown


Packet number: 167  Packet Len: 60

        Ethernet Header
                Dest MAC: ff:ff:ff:ff:ff:ff
                Source MAC: 0:e:c:b0:f:57
                Type: ARP

        ARP header
                Opcode: Request
                Sender MAC: 0:e:c:b0:f:57
                Sender IP: 208.94.60.97
                Target MAC: 0:0:0:0:0:0
                Target IP: 208.94.60.211


Packet number: 168  Packet Len: 60

        Ethernet Header
                Dest MAC: 1:80:c2:0:0:0
                Source MAC: c:11:67:8a:38:5
                Type: Unknown


Packet number: 169  Packet Len: 60

        Ethernet Header
                Dest MAC: ff:ff:ff:ff:ff:ff
                Source MAC: 0:e:c:b0:f:57
                Type: ARP

        ARP header
                Opcode: Request
                Sender MAC: 0:e:c:b0:f:57
                Sender IP: 208.94.60.97
                Target MAC: 0:0:0:0:0:0
                Target IP: 208.94.60.211


Packet number: 170  Packet Len: 60

        Ethernet Header
                Dest MAC: ff:ff:ff:ff:ff:ff
                Source MAC: 0:e:c:b0:f:57
                Type: ARP

        ARP header
                Opcode: Request
                Sender MAC: 0:e:c:b0:f:57
                Sender IP: 208.94.60.97
                Target MAC: 0:0:0:0:0:0
                Target IP: 208.94.60.211


Packet number: 171  Packet Len: 60

        Ethernet Header
                Dest MAC: 1:80:c2:0:0:0
                Source MAC: c:11:67:8a:38:5
                Type: Unknown


Packet number: 172  Packet Len: 60

        Ethernet Header
                Dest MAC: ff:ff:ff:ff:ff:ff
                Source MAC: 0:e:c:b0:f:57
                Type: ARP

        ARP header
                Opcode: Request
                Sender MAC: 0:e:c:b0:f:57
                Sender IP: 208.94.60.97
                Target MAC: 0:0:0:0:0:0
                Target IP: 208.94.60.211


Packet number: 173  Packet Len: 60

        Ethernet Header
                Dest MAC: ff:ff:ff:ff:ff:ff
                Source MAC: 0:e:c:b0:f:57
                Type: ARP

        ARP header
                Opcode: Request
                Sender MAC: 0:e:c:b0:f:57
                Sender IP: 208.94.60.97
                Target MAC: 0:0:0:0:0:0
                Target IP: 208.94.60.211


Packet number: 174  Packet Len: 60

        Ethernet Header
                Dest MAC: 1:80:c2:0:0:0
                Source MAC: c:11:67:8a:38:5
                Type: Unknown


Packet number: 175  Packet Len: 60

        Ethernet Header
                Dest MAC: ff:ff:ff:ff:ff:ff
                Source MAC: 0:e:c:b0:f:57
                Type: ARP

        ARP header
                Opcode: Request
                Sender MAC: 0:e:c:b0:f:57
                Sender IP: 208.94.60.97
                Target MAC: 0:0:0:0:0:0
                Target IP: 208.94.60.211


Packet number: 176  Packet Len: 60

        Ethernet Header
                Dest MAC: ff:ff:ff:ff:ff:ff
                Source MAC: 0:e:c:b0:f:57
                Type: ARP

        ARP header
                Opcode: Request
                Sender MAC: 0:e:c:b0:f:57
                Sender IP: 208.94.60.97
                Target MAC: 0:0:0:0:0:0
                Target IP: 208.94.60.211


Packet number: 177  Packet Len: 60

        Ethernet Header
                Dest MAC: 1:80:c2:0:0:0
                Source MAC: c:11:67:8a:38:5
                Type: Unknown


Packet number: 178  Packet Len: 60

        Ethernet Header
                Dest MAC: 1:0:c:cc:cc:cc
                Source MAC: c:11:67:8a:38:5
                Type: Unknown


Packet number: 179  Packet Len: 90

        Ethernet Header
                Dest MAC: 1:0:c:0:0:0
                Source MAC: c:11:67:8a:38:5
                Type: Unknown


Packet number: 180  Packet Len: 60

        Ethernet Header
                Dest MAC: ff:ff:ff:ff:ff:ff
                Source MAC: 0:e:c:b0:f:57
                Type: ARP

        ARP header
                Opcode: Request
                Sender MAC: 0:e:c:b0:f:57
                Sender IP: 208.94.60.97
                Target MAC: 0:0:0:0:0:0
                Target IP: 208.94.60.211


Packet number: 181  Packet Len: 60

        Ethernet Header
                Dest MAC: 1:80:c2:0:0:0
                Source MAC: c:11:67:8a:38:5
                Type: Unknown


Packet number: 182  Packet Len: 60

        Ethernet Header
                Dest MAC: c:11:67:8a:38:5
                Source MAC: c:11:67:8a:38:5
                Type: Unknown


Packet number: 183  Packet Len: 60

        Ethernet Header
                Dest MAC: 1:80:c2:0:0:0
                Source MAC: c:11:67:8a:38:5
                Type: Unknown


Packet number: 184  Packet Len: 60

        Ethernet Header
                Dest MAC: 1:80:c2:0:0:0
                Source MAC: c:11:67:8a:38:5
                Type: Unknown


Packet number: 185  Packet Len: 60

        Ethernet Header
                Dest MAC: 1:80:c2:0:0:0
                Source MAC: c:11:67:8a:38:5
                Type: Unknown


Packet number: 186  Packet Len: 60

        Ethernet Header
                Dest MAC: 1:80:c2:0:0:0
                Source MAC: c:11:67:8a:38:5
                Type: Unknown


Packet number: 187  Packet Len: 60

        Ethernet Header
                Dest MAC: 1:80:c2:0:0:0
                Source MAC: c:11:67:8a:38:5
                Type: Unknown


Packet number: 188  Packet Len: 60

        Ethernet Header
                Dest MAC: c:11:67:8a:38:5
                Source MAC: c:11:67:8a:38:5
                Type: Unknown


Packet number: 189  Packet Len: 60

        Ethernet Header
                Dest MAC: 1:80:c2:0:0:0
                Source MAC: c:11:67:8a:38:5
                Type: Unknown


Packet number: 190  Packet Len: 60

        Ethernet Header
                Dest MAC: 1:80:c2:0:0:0
                Source MAC: c:11:67:8a:38:5
                Type: Unknown


Packet number: 191  Packet Len: 60

        Ethernet Header
                Dest MAC: 1:80:c2:0:0:0
                Source MAC: c:11:67:8a:38:5
                Type: Unknown


Packet number: 192  Packet Len: 60

        Ethernet Header
                Dest MAC: 1:80:c2:0:0:0
                Source MAC: c:11:67:8a:38:5
                Type: Unknown


Packet number: 193  Packet Len: 60

        Ethernet Header
                Dest MAC: 1:80:c2:0:0:0
                Source MAC: c:11:67:8a:38:5
                Type: Unknown


Packet number: 194  Packet Len: 60

        Ethernet Header
                Dest MAC: c:11:67:8a:38:5
                Source MAC: c:11:67:8a:38:5
                Type: Unknown


Packet number: 195  Packet Len: 60

        Ethernet Header
                Dest MAC: 1:80:c2:0:0:0
                Source MAC: c:11:67:8a:38:5
                Type: Unknown


Packet number: 196  Packet Len: 60

        Ethernet Header
                Dest MAC: 1:80:c2:0:0:0
                Source MAC: c:11:67:8a:38:5
                Type: Unknown


Packet number: 197  Packet Len: 60

        Ethernet Header
                Dest MAC: 1:80:c2:0:0:0
                Source MAC: c:11:67:8a:38:5
                Type: Unknown


Packet number: 198  Packet Len: 60

        Ethernet Header
                Dest MAC: 1:80:c2:0:0:0
                Source MAC: c:11:67:8a:38:5
                Type: Unknown


Packet number: 199  Packet Len: 60

        Ethernet Header
                Dest MAC: 1:0:c:cc:cc:cc
                Source MAC: c:11:67:8a:38:5
                Type: Unknown


Packet number: 200  Packet Len: 90

        Ethernet Header
                Dest MAC: 1:0:c:0:0:0
                Source MAC: c:11:67:8a:38:5
                Type: Unknown


Packet number: 201  Packet Len: 60

        Ethernet Header
                Dest MAC: 1:80:c2:0:0:0
                Source MAC: c:11:67:8a:38:5
                Type: Unknown


Packet number: 202  Packet Len: 60

        Ethernet Header
                Dest MAC: c:11:67:8a:38:5
                Source MAC: c:11:67:8a:38:5
                Type: Unknown


Packet number: 203  Packet Len: 60

        Ethernet Header
                Dest MAC: 1:80:c2:0:0:0
                Source MAC: c:11:67:8a:38:5
                Type: Unknown


Packet number: 204  Packet Len: 60

        Ethernet Header
                Dest MAC: 1:80:c2:0:0:0
                Source MAC: c:11:67:8a:38:5
                Type: Unknown


Packet number: 205  Packet Len: 479

        Ethernet Header
                Dest MAC: 1:0:c:cc:cc:cc
                Source MAC: c:11:67:8a:38:5
                Type: Unknown


Packet number: 206  Packet Len: 60

        Ethernet Header
                Dest MAC: 1:80:c2:0:0:0
                Source MAC: c:11:67:8a:38:5
                Type: Unknown


Packet number: 207  Packet Len: 60

        Ethernet Header
                Dest MAC: 1:80:c2:0:0:0
                Source MAC: c:11:67:8a:38:5
                Type: Unknown


Packet number: 208  Packet Len: 60

        Ethernet Header
                Dest MAC: 1:80:c2:0:0:0
                Source MAC: c:11:67:8a:38:5
                Type: Unknown


Packet number: 209  Packet Len: 60

        Ethernet Header
                Dest MAC: c:11:67:8a:38:5
                Source MAC: c:11:67:8a:38:5
                Type: Unknown


Packet number: 210  Packet Len: 60

        Ethernet Header
                Dest MAC: 1:80:c2:0:0:0
                Source MAC: c:11:67:8a:38:5
                Type: Unknown


Packet number: 211  Packet Len: 60

        Ethernet Header
                Dest MAC: 1:80:c2:0:0:0
                Source MAC: c:11:67:8a:38:5
                Type: Unknown


Packet number: 212  Packet Len: 60

        Ethernet Header
                Dest MAC: 1:80:c2:0:0:0
                Source MAC: c:11:67:8a:38:5
                Type: Unknown


Packet number: 213  Packet Len: 60

        Ethernet Header
                Dest MAC: 1:80:c2:0:0:0
                Source MAC: c:11:67:8a:38:5
                Type: Unknown


Packet number: 214  Packet Len: 60

        Ethernet Header
                Dest MAC: 1:80:c2:0:0:0
                Source MAC: c:11:67:8a:38:5
                Type: Unknown


Packet number: 215  Packet Len: 60

        Ethernet Header
                Dest MAC: c:11:67:8a:38:5
                Source MAC: c:11:67:8a:38:5
                Type: Unknown


Packet number: 216  Packet Len: 60

        Ethernet Header
                Dest MAC: 1:80:c2:0:0:0
                Source MAC: c:11:67:8a:38:5
                Type: Unknown


Packet number: 217  Packet Len: 60

        Ethernet Header
                Dest MAC: 1:80:c2:0:0:0
                Source MAC: c:11:67:8a:38:5
                Type: Unknown


Packet number: 218  Packet Len: 60

        Ethernet Header
                Dest MAC: 1:80:c2:0:0:0
                Source MAC: c:11:67:8a:38:5
                Type: Unknown

